PCAD Importer Log
Project : Indicator.LibPkg

Section : D:\CN\PCAD-Libs\PCAD-Libs\Indicator.lib
    Section : PCB Library - Indicator.PcbLib
        Section : Load Messages
            Warning - 1 : Skipping Token defaultPinDes On Line 540
            Warning - 1 : Skipping Token defaultPinDes On Line 541
            Warning - 1 : Skipping Token defaultPinDes On Line 542
            Warning - 1 : Skipping Token defaultPinDes On Line 543
            Warning - 1 : Skipping Token defaultPinDes On Line 544
            Warning - 1 : Skipping Token defaultPinDes On Line 545
            Warning - 1 : Skipping Token defaultPinDes On Line 546
            Warning - 1 : Skipping Token defaultPinDes On Line 547
            Warning - 1 : Skipping Token defaultPinDes On Line 548
            Warning - 1 : Skipping Token defaultPinDes On Line 549
            Warning - 1 : Skipping Token defaultPinDes On Line 550
            Warning - 1 : Skipping Token defaultPinDes On Line 553
            Warning - 1 : Skipping Token defaultPinDes On Line 554
            Warning - 1 : Skipping Token defaultPinDes On Line 555
            Warning - 1 : Skipping Token defaultPinDes On Line 556
            Warning - 1 : Skipping Token defaultPinDes On Line 557
            Warning - 1 : Skipping Token defaultPinDes On Line 857
            Warning - 1 : Skipping Token defaultPinDes On Line 858
            Warning - 1 : Skipping Token defaultPinDes On Line 893
            Warning - 1 : Skipping Token defaultPinDes On Line 894
            Warning - 1 : Skipping Token defaultPinDes On Line 991
            Warning - 1 : Skipping Token defaultPinDes On Line 992
            Warning - 1 : Skipping Token defaultPinDes On Line 1027
            Warning - 1 : Skipping Token defaultPinDes On Line 1028
            Warning - 1 : Skipping Token defaultPinDes On Line 1029
            Warning - 1 : Skipping Token defaultPinDes On Line 1030
            Warning - 1 : Skipping Token defaultPinDes On Line 1031
            Warning - 1 : Skipping Token defaultPinDes On Line 1032
            Warning - 1 : Skipping Token defaultPinDes On Line 1033
            Warning - 1 : Skipping Token defaultPinDes On Line 1034
            Warning - 1 : Skipping Token defaultPinDes On Line 1035
            Warning - 1 : Skipping Token defaultPinDes On Line 1036
            Warning - 1 : Skipping Token defaultPinDes On Line 1037
            Warning - 1 : Skipping Token defaultPinDes On Line 1038
            Warning - 1 : Skipping Token defaultPinDes On Line 1039
            Warning - 1 : Skipping Token defaultPinDes On Line 1040
            Warning - 1 : Skipping Token defaultPinDes On Line 1041
            Warning - 1 : Skipping Token defaultPinDes On Line 1042
            Warning - 1 : Skipping Token defaultPinDes On Line 1123
            Warning - 1 : Skipping Token defaultPinDes On Line 1124
            Warning - 1 : Skipping Token defaultPinDes On Line 1125
            Warning - 1 : Skipping Token defaultPinDes On Line 1126
            Warning - 1 : Skipping Token defaultPinDes On Line 1127
            Warning - 1 : Skipping Token defaultPinDes On Line 1128
            Warning - 1 : Skipping Token defaultPinDes On Line 1129
            Warning - 1 : Skipping Token defaultPinDes On Line 1130
            Warning - 1 : Skipping Token defaultPinDes On Line 1131
            Warning - 1 : Skipping Token defaultPinDes On Line 1132
            Warning - 1 : Skipping Token defaultPinDes On Line 1133
            Warning - 1 : Skipping Token defaultPinDes On Line 1134
            Warning - 1 : Skipping Token defaultPinDes On Line 1136
            Warning - 1 : Skipping Token defaultPinDes On Line 1138
            Warning - 1 : Skipping Token defaultPinDes On Line 1139
            Warning - 1 : Skipping Token defaultPinDes On Line 1140
            Warning - 1 : Skipping Token defaultPinDes On Line 1141
            Warning - 1 : Skipping Token defaultPinDes On Line 1142
            Warning - 1 : Skipping Token defaultPinDes On Line 1394
            Warning - 1 : Skipping Token defaultPinDes On Line 1395
            Warning - 1 : Skipping Token defaultPinDes On Line 1396
            Warning - 1 : Skipping Token defaultPinDes On Line 1397
            Warning - 1 : Skipping Token defaultPinDes On Line 1398
            Warning - 1 : Skipping Token defaultPinDes On Line 1399
            Warning - 1 : Skipping Token defaultPinDes On Line 1400
            Warning - 1 : Skipping Token defaultPinDes On Line 1401
            Warning - 1 : Skipping Token defaultPinDes On Line 1402
            Warning - 1 : Skipping Token defaultPinDes On Line 1403
            Warning - 1 : Skipping Token defaultPinDes On Line 1404
            Warning - 1 : Skipping Token defaultPinDes On Line 1407
            Warning - 1 : Skipping Token defaultPinDes On Line 1408
            Warning - 1 : Skipping Token defaultPinDes On Line 1409
            Warning - 1 : Skipping Token defaultPinDes On Line 1410
            Warning - 1 : Skipping Token defaultPinDes On Line 1411
            Warning - 1 : Skipping Token defaultPinDes On Line 1648
            Warning - 1 : Skipping Token defaultPinDes On Line 1649
            Warning - 1 : Skipping Token defaultPinDes On Line 1650
            Warning - 1 : Skipping Token defaultPinDes On Line 1651
            Warning - 1 : Skipping Token defaultPinDes On Line 1652
            Warning - 1 : Skipping Token defaultPinDes On Line 1653
            Warning - 1 : Skipping Token defaultPinDes On Line 1654
            Warning - 1 : Skipping Token defaultPinDes On Line 1655
            Warning - 1 : Skipping Token defaultPinDes On Line 1656
            Warning - 1 : Skipping Token defaultPinDes On Line 1657
            Warning - 1 : Skipping Token defaultPinDes On Line 1658
            Warning - 1 : Skipping Token defaultPinDes On Line 1659
            Warning - 1 : Skipping Token defaultPinDes On Line 1660
            Warning - 1 : Skipping Token defaultPinDes On Line 1661
            Warning - 1 : Skipping Token defaultPinDes On Line 1662
            Warning - 1 : Skipping Token defaultPinDes On Line 1663
            Warning - 1 : Skipping Token defaultPinDes On Line 1664
            Warning - 1 : Skipping Token defaultPinDes On Line 1665
            Warning - 1 : Skipping Token defaultPinDes On Line 1666
            Warning - 1 : Skipping Token defaultPinDes On Line 1667
            Warning - 1 : Skipping Token defaultPinDes On Line 1668
            Warning - 1 : Skipping Token defaultPinDes On Line 1669
            Warning - 1 : Skipping Token defaultPinDes On Line 1671
            Warning - 1 : Skipping Token defaultPinDes On Line 1672
            Warning - 1 : Skipping Token defaultPinDes On Line 1831
            Warning - 1 : Skipping Token defaultPinDes On Line 1832
            Warning - 1 : Skipping Token defaultPinDes On Line 1833
            Warning - 1 : Skipping Token defaultPinDes On Line 1834
            Warning - 1 : Skipping Token defaultPinDes On Line 1835
            Warning - 1 : Skipping Token defaultPinDes On Line 1836
            Warning - 1 : Skipping Token defaultPinDes On Line 1837
            Warning - 1 : Skipping Token defaultPinDes On Line 1838
            Warning - 1 : Skipping Token defaultPinDes On Line 1839
            Warning - 1 : Skipping Token defaultPinDes On Line 1840
            Warning - 1 : Skipping Token defaultPinDes On Line 1841
            Warning - 1 : Skipping Token defaultPinDes On Line 1843
            Warning - 1 : Skipping Token defaultPinDes On Line 1845
            Warning - 1 : Skipping Token defaultPinDes On Line 1846
            Warning - 1 : Skipping Token defaultPinDes On Line 1847
            Warning - 1 : Skipping Token defaultPinDes On Line 1848
            Warning - 1 : Skipping Token defaultPinDes On Line 2148
            Warning - 1 : Skipping Token defaultPinDes On Line 2149
            Warning - 1 : Skipping Token defaultPinDes On Line 2368
            Warning - 1 : Skipping Token defaultPinDes On Line 2369
            Warning - 1 : Skipping Token defaultPinDes On Line 2370
            Warning - 1 : Skipping Token defaultPinDes On Line 2371
            Warning - 1 : Skipping Token defaultPinDes On Line 2372
            Warning - 1 : Skipping Token defaultPinDes On Line 2373
            Warning - 1 : Skipping Token defaultPinDes On Line 2374
            Warning - 1 : Skipping Token defaultPinDes On Line 2375
            Warning - 1 : Skipping Token defaultPinDes On Line 2376
            Warning - 1 : Skipping Token defaultPinDes On Line 2377
            Warning - 1 : Skipping Token defaultPinDes On Line 2378
            Warning - 1 : Skipping Token defaultPinDes On Line 2379
            Warning - 1 : Skipping Token defaultPinDes On Line 2380
            Warning - 1 : Skipping Token defaultPinDes On Line 2381
            Warning - 1 : Skipping Token defaultPinDes On Line 2382
            Warning - 1 : Skipping Token defaultPinDes On Line 2383
            Warning - 1 : Skipping Token defaultPinDes On Line 2384
            Warning - 1 : Skipping Token defaultPinDes On Line 2385
            Warning - 1 : Skipping Token defaultPinDes On Line 2386
            Warning - 1 : Skipping Token defaultPinDes On Line 2387
            Warning - 1 : Skipping Token defaultPinDes On Line 2388
            Warning - 1 : Skipping Token defaultPinDes On Line 2390
            Warning - 1 : Skipping Token defaultPinDes On Line 2391
            Warning - 1 : Skipping Token defaultPinDes On Line 2392
            Warning - 1 : Skipping Token defaultPinDes On Line 2393
            Warning - 1 : Skipping Token defaultPinDes On Line 2394
            Warning - 1 : Skipping Token defaultPinDes On Line 2395
            Warning - 1 : Skipping Token defaultPinDes On Line 2396
            Warning - 1 : Skipping Token defaultPinDes On Line 2397
            Warning - 1 : Skipping Token defaultPinDes On Line 2398
            Warning - 1 : Skipping Token defaultPinDes On Line 2399
            Warning - 1 : Skipping Token defaultPinDes On Line 2400
            Warning - 1 : Skipping Token defaultPinDes On Line 2401
            Warning - 1 : Skipping Token defaultPinDes On Line 2402
            Warning - 1 : Skipping Token defaultPinDes On Line 2403
            Warning - 1 : Skipping Token defaultPinDes On Line 2404
            Warning - 1 : Skipping Token defaultPinDes On Line 2405
            Warning - 1 : Skipping Token defaultPinDes On Line 2406
            Warning - 1 : Skipping Token defaultPinDes On Line 2407
            Warning - 1 : Skipping Token defaultPinDes On Line 2408
            Warning - 1 : Skipping Token defaultPinDes On Line 2409
            Warning - 1 : Skipping Token defaultPinDes On Line 2410
            Warning - 1 : Skipping Token defaultPinDes On Line 2411
            Warning - 1 : Skipping Token defaultPinDes On Line 2413
            Warning - 1 : Skipping Token defaultPinDes On Line 2415
            Warning - 1 : Skipping Token defaultPinDes On Line 2416
            Warning - 1 : Skipping Token defaultPinDes On Line 2417
            Warning - 1 : Skipping Token defaultPinDes On Line 2418
            Warning - 1 : Skipping Token defaultPinDes On Line 2419
            Warning - 1 : Skipping Token defaultPinDes On Line 2420
            Warning - 1 : Skipping Token defaultPinDes On Line 2421
            Warning - 1 : Skipping Token defaultPinDes On Line 2422
            Warning - 1 : Skipping Token defaultPinDes On Line 2423
            Warning - 1 : Skipping Token defaultPinDes On Line 2424
            Warning - 1 : Skipping Token defaultPinDes On Line 2425
            Warning - 1 : Skipping Token defaultPinDes On Line 2427
            Warning - 1 : Skipping Token defaultPinDes On Line 2428
            Warning - 1 : Skipping Token defaultPinDes On Line 2429
            Warning - 1 : Skipping Token defaultPinDes On Line 2430
            Warning - 1 : Skipping Token defaultPinDes On Line 2431
            Warning - 1 : Skipping Token defaultPinDes On Line 2432
            Warning - 1 : Skipping Token defaultPinDes On Line 2433
            Warning - 1 : Skipping Token defaultPinDes On Line 27376
            Warning - 1 : Skipping Token defaultPinDes On Line 27377
            Warning - 1 : Skipping Token defaultPinDes On Line 27412
            Warning - 1 : Skipping Token defaultPinDes On Line 27413
            Warning - 1 : Skipping Token defaultPinDes On Line 27414
            Warning - 1 : Skipping Token defaultPinDes On Line 27415
            Warning - 1 : Skipping Token defaultPinDes On Line 27481
            Warning - 1 : Skipping Token defaultPinDes On Line 27482
            Warning - 1 : Skipping Token defaultPinDes On Line 27483
            Warning - 1 : Skipping Token defaultPinDes On Line 27484
            Warning - 1 : Skipping Token defaultPinDes On Line 27485
            Warning - 1 : Skipping Token defaultPinDes On Line 27486
            Warning - 1 : Skipping Token defaultPinDes On Line 27487
            Warning - 1 : Skipping Token defaultPinDes On Line 27488
            Warning - 1 : Skipping Token defaultPinDes On Line 27489
            Warning - 1 : Skipping Token defaultPinDes On Line 27490
            Warning - 1 : Skipping Token defaultPinDes On Line 27491
            Warning - 1 : Skipping Token defaultPinDes On Line 27492
            Warning - 1 : Skipping Token defaultPinDes On Line 27493
            Warning - 1 : Skipping Token defaultPinDes On Line 27494
            Warning - 1 : Skipping Token defaultPinDes On Line 27495
            Warning - 1 : Skipping Token defaultPinDes On Line 27496
            Warning - 1 : Skipping Token defaultPinDes On Line 27497
            Warning - 1 : Skipping Token defaultPinDes On Line 27498
            Warning - 1 : Skipping Token defaultPinDes On Line 27499
            Warning - 1 : Skipping Token defaultPinDes On Line 27500
            Warning - 1 : Skipping Token defaultPinDes On Line 27501
            Warning - 1 : Skipping Token defaultPinDes On Line 27502
            Warning - 1 : Skipping Token defaultPinDes On Line 27858
            Warning - 1 : Skipping Token defaultPinDes On Line 27859
            Warning - 1 : Skipping Token defaultPinDes On Line 27860
            Warning - 1 : Skipping Token defaultPinDes On Line 27861
            Warning - 1 : Skipping Token defaultPinDes On Line 27862
            Warning - 1 : Skipping Token defaultPinDes On Line 27863
            Warning - 1 : Skipping Token defaultPinDes On Line 27864
            Warning - 1 : Skipping Token defaultPinDes On Line 27865
            Warning - 1 : Skipping Token defaultPinDes On Line 27866
            Warning - 1 : Skipping Token defaultPinDes On Line 27867
            Warning - 1 : Skipping Token defaultPinDes On Line 27868
            Warning - 1 : Skipping Token defaultPinDes On Line 27869
            Warning - 1 : Skipping Token defaultPinDes On Line 27870
            Warning - 1 : Skipping Token defaultPinDes On Line 27871
            Warning - 1 : Skipping Token defaultPinDes On Line 27872
            Warning - 1 : Skipping Token defaultPinDes On Line 27873
            Warning - 1 : Skipping Token defaultPinDes On Line 27874
            Warning - 1 : Skipping Token defaultPinDes On Line 27875
            Warning - 1 : Skipping Token defaultPinDes On Line 27876
            Warning - 1 : Skipping Token defaultPinDes On Line 27877
            Warning - 1 : Skipping Token defaultPinDes On Line 27878
            Warning - 1 : Skipping Token defaultPinDes On Line 27879
            Warning - 1 : Skipping Token defaultPinDes On Line 27880
            Warning - 1 : Skipping Token defaultPinDes On Line 27881
            Warning - 1 : Skipping Token defaultPinDes On Line 27882
            Warning - 1 : Skipping Token defaultPinDes On Line 28057
            Warning - 1 : Skipping Token defaultPinDes On Line 28058
            Warning - 1 : Skipping Token defaultPinDes On Line 28059
            Warning - 1 : Skipping Token defaultPinDes On Line 28060
            Warning - 1 : Skipping Token defaultPinDes On Line 28061
            Warning - 1 : Skipping Token defaultPinDes On Line 28062
            Warning - 1 : Skipping Token defaultPinDes On Line 28063
            Warning - 1 : Skipping Token defaultPinDes On Line 28064
            Warning - 1 : Skipping Token defaultPinDes On Line 28065
            Warning - 1 : Skipping Token defaultPinDes On Line 28066
            Warning - 1 : Skipping Token defaultPinDes On Line 28067
            Warning - 1 : Skipping Token defaultPinDes On Line 28068
            Warning - 1 : Skipping Token defaultPinDes On Line 28069
            Warning - 1 : Skipping Token defaultPinDes On Line 28070
            Warning - 1 : Skipping Token defaultPinDes On Line 28071
            Warning - 1 : Skipping Token defaultPinDes On Line 28072
            Warning - 1 : Skipping Token defaultPinDes On Line 28662
            Warning - 1 : Skipping Token defaultPinDes On Line 28663
            Warning - 1 : Skipping Token defaultPinDes On Line 28664
            Warning - 1 : Skipping Token defaultPinDes On Line 28665
            Warning - 1 : Skipping Token defaultPinDes On Line 28666
            Warning - 1 : Skipping Token defaultPinDes On Line 28667
            Warning - 1 : Skipping Token defaultPinDes On Line 28668
            Warning - 1 : Skipping Token defaultPinDes On Line 28669
            Warning - 1 : Skipping Token defaultPinDes On Line 28670
            Warning - 1 : Skipping Token defaultPinDes On Line 28671
            Warning - 1 : Skipping Token defaultPinDes On Line 28672
            Warning - 1 : Skipping Token defaultPinDes On Line 28673
            Warning - 1 : Skipping Token defaultPinDes On Line 28674
            Warning - 1 : Skipping Token defaultPinDes On Line 28675
            Warning - 1 : Skipping Token defaultPinDes On Line 28676
            Warning - 1 : Skipping Token defaultPinDes On Line 28677
            Warning - 1 : Skipping Token defaultPinDes On Line 28678
            Warning - 1 : Skipping Token defaultPinDes On Line 28679
            Warning - 1 : Skipping Token defaultPinDes On Line 28680
            Warning - 1 : Skipping Token defaultPinDes On Line 28681
            Warning - 1 : Skipping Token defaultPinDes On Line 28718
            Warning - 1 : Skipping Token defaultPinDes On Line 28719
            Warning - 1 : Skipping Token defaultPinDes On Line 28750
            Warning - 1 : Skipping Token defaultPinDes On Line 28751
            Warning - 1 : Skipping Token defaultPinDes On Line 28782
            Warning - 1 : Skipping Token defaultPinDes On Line 28783
            Warning - 1 : Skipping Token defaultPinDes On Line 28819
            Warning - 1 : Skipping Token defaultPinDes On Line 28820
            Warning - 1 : Skipping Token defaultPinDes On Line 28851
            Warning - 1 : Skipping Token defaultPinDes On Line 28852
            Warning - 1 : Skipping Token defaultPinDes On Line 28853
            Warning - 1 : Skipping Token defaultPinDes On Line 29063
            Warning - 1 : Skipping Token defaultPinDes On Line 29064
            Warning - 1 : Skipping Token defaultPinDes On Line 29124
            Warning - 1 : Skipping Token defaultPinDes On Line 29125
            Warning - 1 : Skipping Token defaultPinDes On Line 29221
            Warning - 1 : Skipping Token defaultPinDes On Line 29222
            Warning - 1 : Skipping Token defaultPinDes On Line 29278
            Warning - 1 : Skipping Token defaultPinDes On Line 29279
            Warning - 1 : Skipping Token defaultPinDes On Line 29335
            Warning - 1 : Skipping Token defaultPinDes On Line 29336
            Warning - 1 : Skipping Token defaultPinDes On Line 29337
            Warning - 1 : Skipping Token defaultPinDes On Line 29338
            Warning - 1 : Skipping Token defaultPinDes On Line 29339
            Warning - 1 : Skipping Token defaultPinDes On Line 29340
            Warning - 1 : Skipping Token defaultPinDes On Line 29341
            Warning - 1 : Skipping Token defaultPinDes On Line 29342
            Warning - 1 : Skipping Token defaultPinDes On Line 29343
            Warning - 1 : Skipping Token defaultPinDes On Line 29344
            Warning - 1 : Skipping Token defaultPinDes On Line 29345
            Warning - 1 : Skipping Token defaultPinDes On Line 29346
            Warning - 1 : Skipping Token defaultPinDes On Line 29347
            Warning - 1 : Skipping Token defaultPinDes On Line 29348
            Warning - 1 : Skipping Token defaultPinDes On Line 29349
            Warning - 1 : Skipping Token defaultPinDes On Line 29350
            Warning - 1 : Skipping Token defaultPinDes On Line 29376
            Warning - 1 : Skipping Token defaultPinDes On Line 29377
            Warning - 1 : Skipping Token defaultPinDes On Line 29378
            Warning - 1 : Skipping Token defaultPinDes On Line 29379
            Warning - 1 : Skipping Token defaultPinDes On Line 29411
            Warning - 1 : Skipping Token defaultPinDes On Line 29412
            Warning - 1 : Skipping Token defaultPinDes On Line 29413
            Warning - 1 : Skipping Token defaultPinDes On Line 29414
            Warning - 1 : Skipping Token defaultPinDes On Line 29415
            Warning - 1 : Skipping Token defaultPinDes On Line 29416
            Warning - 1 : Skipping Token defaultPinDes On Line 29417
            Warning - 1 : Skipping Token defaultPinDes On Line 29452
            Warning - 1 : Skipping Token defaultPinDes On Line 29453
            Warning - 1 : Skipping Token defaultPinDes On Line 29491
            Warning - 1 : Skipping Token defaultPinDes On Line 29492
            Warning - 1 : Skipping Token defaultPinDes On Line 29493
            Warning - 1 : Skipping Token defaultPinDes On Line 29494
            Warning - 1 : Skipping Token defaultPinDes On Line 29495
            Warning - 1 : Skipping Token defaultPinDes On Line 29496
            Warning - 1 : Skipping Token defaultPinDes On Line 29497
            Warning - 1 : Skipping Token defaultPinDes On Line 29498
            Warning - 1 : Skipping Token defaultPinDes On Line 29499
            Warning - 1 : Skipping Token defaultPinDes On Line 29500
            Warning - 1 : Skipping Token defaultPinDes On Line 29501
            Warning - 1 : Skipping Token defaultPinDes On Line 29502
            Warning - 1 : Skipping Token defaultPinDes On Line 29503
            Warning - 1 : Skipping Token defaultPinDes On Line 29504
            Warning - 1 : Skipping Token defaultPinDes On Line 29505
            Warning - 1 : Skipping Token defaultPinDes On Line 29506
            Warning - 1 : Skipping Token defaultPinDes On Line 29507
            Warning - 1 : Skipping Token defaultPinDes On Line 29508
            Warning - 1 : Skipping Token defaultPinDes On Line 29509
            Warning - 1 : Skipping Token defaultPinDes On Line 29510
            Warning - 1 : Skipping Token defaultPinDes On Line 29511
            Warning - 1 : Skipping Token defaultPinDes On Line 29512
            Warning - 1 : Skipping Token defaultPinDes On Line 29515
            Warning - 1 : Skipping Token defaultPinDes On Line 29516
            Warning - 1 : Skipping Token defaultPinDes On Line 29674
            Warning - 1 : Skipping Token defaultPinDes On Line 29675
            Warning - 1 : Skipping Token defaultPinDes On Line 29676
            Warning - 1 : Skipping Token defaultPinDes On Line 29677
            Warning - 1 : Skipping Token defaultPinDes On Line 29678
            Warning - 1 : Skipping Token defaultPinDes On Line 29679
            Warning - 1 : Skipping Token defaultPinDes On Line 29680
            Warning - 1 : Skipping Token defaultPinDes On Line 29681
            Warning - 1 : Skipping Token defaultPinDes On Line 29682
            Warning - 1 : Skipping Token defaultPinDes On Line 29683
            Warning - 1 : Skipping Token defaultPinDes On Line 29684
            Warning - 1 : Skipping Token defaultPinDes On Line 29685
            Warning - 1 : Skipping Token defaultPinDes On Line 29686
            Warning - 1 : Skipping Token defaultPinDes On Line 29687
            Warning - 1 : Skipping Token defaultPinDes On Line 29688
            Warning - 1 : Skipping Token defaultPinDes On Line 29689
            Warning - 1 : Skipping Token defaultPinDes On Line 29690
            Warning - 1 : Skipping Token defaultPinDes On Line 29691
            Warning - 1 : Skipping Token defaultPinDes On Line 29692
            Warning - 1 : Skipping Token defaultPinDes On Line 29693
            Warning - 1 : Skipping Token defaultPinDes On Line 30129
            Warning - 1 : Skipping Token defaultPinDes On Line 30130
            Warning - 1 : Skipping Token defaultPinDes On Line 30131
            Warning - 1 : Skipping Token defaultPinDes On Line 30132
            Warning - 1 : Skipping Token defaultPinDes On Line 30133
            Warning - 1 : Skipping Token defaultPinDes On Line 30134
            Warning - 1 : Skipping Token defaultPinDes On Line 30135
            Warning - 1 : Skipping Token defaultPinDes On Line 30136
            Warning - 1 : Skipping Token defaultPinDes On Line 30137
            Warning - 1 : Skipping Token defaultPinDes On Line 30138
            Warning - 1 : Skipping Token defaultPinDes On Line 30139
            Warning - 1 : Skipping Token defaultPinDes On Line 30140
            Warning - 1 : Skipping Token defaultPinDes On Line 30141
            Warning - 1 : Skipping Token defaultPinDes On Line 30142
            Warning - 1 : Skipping Token defaultPinDes On Line 30143
            Warning - 1 : Skipping Token defaultPinDes On Line 30144
            Warning - 1 : Skipping Token ALS324B On Line 30559
            Warning - 1 : Skipping Token DC-10GWA On Line 30669
            Warning - 1 : Skipping Token DOT_LED_DISPLAY-8X8 (BL-M12X) On Line 30862
            Warning - 1 : Skipping Token DOT_LED_DISPLAY-8X8 (REC-M788) On Line 31019
            Warning - 1 : Skipping Token FDCG12864B On Line 31176
            Warning - 1 : Skipping Token FOTODIODE On Line 31372
            Warning - 1 : Skipping Token HL_MINI On Line 31416
            Warning - 1 : Skipping Token INDICATOR-3-DIGIT On Line 31445
            Warning - 1 : Skipping Token JDL5938A On Line 31579
            Warning - 1 : Skipping Token LCD-16X1 On Line 32151
            Warning - 1 : Skipping Token LCD-16X1-VAR1 On Line 32327
            Warning - 1 : Skipping Token LCD-16X2 On Line 32485
            Warning - 1 : Skipping Token LCD-16X2(GDM1602A) On Line 32699
            Warning - 1 : Skipping Token LCD-16X2(MT-16S2D) On Line 32859
            Warning - 1 : Skipping Token LCD-16X4 On Line 33073
            Warning - 1 : Skipping Token LCD-20X2(WH2002A) On Line 33231
            Warning - 1 : Skipping Token LCD-WG12864A On Line 33427
            Warning - 1 : Skipping Token LIGHTDIODE On Line 33661
            Warning - 1 : Skipping Token LIGHTDIODE-3PIN On Line 33705
            Warning - 1 : Skipping Token MT-12232A On Line 33782
            Warning - 1 : Skipping Token RGB-LIGHTDIODE On Line 33958
            Warning - 1 : Skipping Token ÀËÑ324À1 On Line 34071
            Warning - 1 : Skipping Token ÈÂ-3 On Line 34177
            Warning - 1 : Skipping Token ÈÂË1-7_5 On Line 34301
            Warning - 1 : Skipping Token attachedSymbol On Line 34485
            Warning - 1 : Skipping Token attachedSymbol On Line 34519
            Warning - 1 : Skipping Token attachedSymbol On Line 34539
            Warning - 1 : Skipping Token attachedSymbol On Line 34571
            Warning - 1 : Skipping Token attachedSymbol On Line 34615
            Warning - 1 : Skipping Token attachedSymbol On Line 34649
            Warning - 1 : Skipping Token attachedSymbol On Line 34686
            Warning - 1 : Skipping Token attachedSymbol On Line 34722
            Warning - 1 : Skipping Token attachedSymbol On Line 34752
            Warning - 1 : Skipping Token attachedSymbol On Line 34782
            Warning - 1 : Skipping Token attachedSymbol On Line 34804
            Warning - 1 : Skipping Token attachedSymbol On Line 34826
            Warning - 1 : Skipping Token attachedSymbol On Line 34860
            Warning - 1 : Skipping Token attachedSymbol On Line 34913
            Warning - 1 : Skipping Token attachedSymbol On Line 34952
            Warning - 1 : Skipping Token attachedSymbol On Line 34982
            Warning - 1 : Skipping Token attachedSymbol On Line 35037
            Warning - 1 : Skipping Token attachedSymbol On Line 35096
            Warning - 1 : Skipping Token attachedSymbol On Line 35191
            Warning - 1 : Skipping Token attachedSymbol On Line 35271
            Warning - 1 : Skipping Token attachedSymbol On Line 35292
            Warning - 1 : Skipping Token attachedSymbol On Line 35315
            Warning - 1 : Skipping Token attachedSymbol On Line 35355
            Warning - 1 : Skipping Token attachedSymbol On Line 35356
            Warning - 1 : Skipping Token attachedSymbol On Line 35357
            Warning - 1 : Skipping Token attachedSymbol On Line 35358
            Warning - 1 : Skipping Token attachedSymbol On Line 35359
            Warning - 1 : Skipping Token attachedSymbol On Line 35360
            Warning - 1 : Skipping Token attachedSymbol On Line 35361
            Warning - 1 : Skipping Token attachedSymbol On Line 35362
            Warning - 1 : Skipping Token attachedSymbol On Line 35363
            Warning - 1 : Skipping Token attachedSymbol On Line 35364
            Warning - 1 : Skipping Token attachedSymbol On Line 35417
            Warning - 1 : Skipping Token attachedSymbol On Line 35451
            Warning - 1 : Skipping Token attachedSymbol On Line 35471
            Warning - 1 : Skipping Token attachedSymbol On Line 35491
            Warning - 1 : Skipping Token attachedSymbol On Line 35511
            Warning - 1 : Skipping Token attachedSymbol On Line 35532
            Warning - 1 : Skipping Token attachedSymbol On Line 35552
            Warning - 1 : Skipping Token attachedSymbol On Line 35573
            Warning - 1 : Skipping Token attachedSymbol On Line 35600
            Warning - 1 : Skipping Token attachedSymbol On Line 35601
            Warning - 1 : Skipping Token attachedSymbol On Line 35602
            Warning - 1 : Skipping Token attachedSymbol On Line 35644
            Warning - 1 : Skipping Token attachedSymbol On Line 35704
            Warning - 1 : Skipping Token attachedSymbol On Line 35749
            Warning - 1 : Skipping Token attachedSymbol On Line 35770
            Warning - 1 : Skipping Token attachedSymbol On Line 35791
            Warning - 1 : Skipping Token attachedSymbol On Line 35812
            Warning - 1 : Skipping Token attachedSymbol On Line 35832
            Warning - 1 : Skipping Token attachedSymbol On Line 35853
            Warning - 1 : Skipping Token attachedSymbol On Line 35888
            Warning - 1 : Skipping Token attachedSymbol On Line 35922
            Warning - 1 : Skipping Token attachedSymbol On Line 35953
            Warning - 1 : Skipping Token attachedSymbol On Line 35983
            Warning - 1 : Skipping Token attachedSymbol On Line 36030
            Warning - 1 : Skipping Token attachedSymbol On Line 36092
            Warning - 1 : Skipping Token attachedSymbol On Line 36150
            Warning - 1 : Skipping Token attachedSymbol On Line 36206
            Warning - 1 : Skipping Token attachedSymbol On Line 36263
            Warning - 1 : Skipping Token attachedSymbol On Line 36307
            Warning - 1 : Skipping Token attachedSymbol On Line 36328
            Warning - 1 : Skipping Token attachedSymbol On Line 36360
            Warning - 1 : Skipping Token attachedSymbol On Line 36405
            Warning - 1 : Skipping Token attachedSymbol On Line 36449
            Warning - 1 : Skipping Token attachedSymbol On Line 36493
            Warning - 1 : Skipping Token attachedSymbol On Line 36537
            Warning - 1 : Skipping Token attachedSymbol On Line 36583
            Warning - 1 : Skipping Token attachedSymbol On Line 36618
            Warning - 1 : Skipping Token attachedSymbol On Line 36638
            Warning - 1 : Skipping Token attachedSymbol On Line 36658
        EndSection

        Section : Import Messages
            Warning - 0 : PCAD Pattern Graphics [3528][Primary] associated with PCAD Component [2835] has been renamed to PCB FootPrint [3528_2835(Primary)].
            Warning - 0 : PCAD Pattern Graphics [3528][Primary] associated with PCAD Component [3528] has been renamed to PCB FootPrint [3528_3528(Primary)].
            Warning - 0 : PCAD Pattern Graphics [5730-1][Primary] associated with PCAD Component [5730-1] has been renamed to PCB FootPrint [5730-1_5730-1(Primary)].
            Warning - 0 : PCAD Pattern Graphics [BL-HB536A-TRB][Primary] associated with PCAD Component [BL-HB536A-TRB] has been renamed to PCB FootPrint [BL-HB536A-TRB_BL-HB536A-TRB(Primary)].
            Warning - 0 : PCAD Pattern Graphics [NSSU123-E][Primary] associated with PCAD Component [BL-LS3014A0S1] has been renamed to PCB FootPrint [NSSU123-E_BL-LS3014A0S1(Primary)].
            Warning - 0 : PCAD Pattern Graphics [BL-M12X881][Primary] associated with PCAD Component [BL-M12X881] has been renamed to PCB FootPrint [BL-M12X881_BL-M12X881(Primary)].
            Warning - 0 : PCAD Pattern Graphics [3528][Primary] associated with PCAD Component [DL50344SR-DB-M] has been renamed to PCB FootPrint [3528_DL50344SR-DB-M(Primary)].
            Warning - 0 : PCAD Pattern Graphics [BL-HB536A-TRB][Primary] associated with PCAD Component [LED-0603-BLUE] has been renamed to PCB FootPrint [BL-HB536A-TRB_LED-0603-BLUE(Primary)].
            Warning - 0 : PCAD Pattern Graphics [BL-HB536A-TRB][Primary] associated with PCAD Component [LED-0603-GREEN] has been renamed to PCB FootPrint [BL-HB536A-TRB_LED-0603-GREEN(Primary)].
            Warning - 0 : PCAD Pattern Graphics [BL-HB536A-TRB][Primary] associated with PCAD Component [LED-0603-RED] has been renamed to PCB FootPrint [BL-HB536A-TRB_LED-0603-RED(Primary)].
            Warning - 0 : PCAD Pattern Graphics [BL-HB536A-TRB][Primary] associated with PCAD Component [LED-0603-YELLOW] has been renamed to PCB FootPrint [BL-HB536A-TRB_LED-0603-YELLOW(Primary)].
            Warning - 0 : PCAD Pattern Graphics [LCD-16X2(MT-16S2D)][Primary] associated with PCAD Component [MT-16S2D] has been renamed to PCB FootPrint [LCD-16X2(MT-16S2D)_MT-16S2D(Primary)].
            Warning - 0 : PCAD Pattern Graphics [U365][Primary] associated with PCAD Component [NCSU275T] has been renamed to PCB FootPrint [U365_NCSU275T(Primary)].
            Warning - 0 : PCAD Pattern Graphics [U365][Primary] associated with PCAD Component [NCSU276A] has been renamed to PCB FootPrint [U365_NCSU276A(Primary)].
            Warning - 0 : PCAD Pattern Graphics [NSSU123-E][Primary] associated with PCAD Component [NSSU123-E] has been renamed to PCB FootPrint [NSSU123-E_NSSU123-E(Primary)].
            Warning - 0 : PCAD Pattern Graphics [NSSU123-E-RECOMMEND][Primary] associated with PCAD Component [NSSU123-E-RECOMMEND] has been renamed to PCB FootPrint [NSSU123-E-RECOMMEND_NSSU123-E-RECOMMEND(Primary)].
            Warning - 0 : PCAD Pattern Graphics [LCD-16X2][Primary] associated with PCAD Component [WH1602] has been renamed to PCB FootPrint [LCD-16X2_WH1602(Primary)].
        EndSection
    EndSection

    Section : SCH Library - Indicator.SchLib
        Section : Parsing Messages
            Warning - 1 : Skipping Token padStyleDef On Line 13
            Warning - 1 : Skipping Token padStyleDef On Line 23
            Warning - 1 : Skipping Token padStyleDef On Line 33
            Warning - 1 : Skipping Token padStyleDef On Line 44
            Warning - 1 : Skipping Token padStyleDef On Line 55
            Warning - 1 : Skipping Token padStyleDef On Line 66
            Warning - 1 : Skipping Token padStyleDef On Line 77
            Warning - 1 : Skipping Token padStyleDef On Line 87
            Warning - 1 : Skipping Token padStyleDef On Line 97
            Warning - 1 : Skipping Token padStyleDef On Line 108
            Warning - 1 : Skipping Token padStyleDef On Line 118
            Warning - 1 : Skipping Token padStyleDef On Line 128
            Warning - 1 : Skipping Token padStyleDef On Line 139
            Warning - 1 : Skipping Token padStyleDef On Line 149
            Warning - 1 : Skipping Token padStyleDef On Line 159
            Warning - 1 : Skipping Token padStyleDef On Line 170
            Warning - 1 : Skipping Token padStyleDef On Line 180
            Warning - 1 : Skipping Token padStyleDef On Line 191
            Warning - 1 : Skipping Token padStyleDef On Line 202
            Warning - 1 : Skipping Token padStyleDef On Line 212
            Warning - 1 : Skipping Token padStyleDef On Line 222
            Warning - 1 : Skipping Token padStyleDef On Line 233
            Warning - 1 : Skipping Token padStyleDef On Line 244
            Warning - 1 : Skipping Token padStyleDef On Line 255
            Warning - 1 : Skipping Token padStyleDef On Line 266
            Warning - 1 : Skipping Token padStyleDef On Line 277
            Warning - 1 : Skipping Token padStyleDef On Line 288
            Warning - 1 : Skipping Token padStyleDef On Line 299
            Warning - 1 : Skipping Token padStyleDef On Line 309
            Warning - 1 : Skipping Token padStyleDef On Line 319
            Warning - 1 : Skipping Token viaStyleDef On Line 330
            Warning - 1 : Skipping Token multiLayer On Line 539
            Warning - 1 : Skipping Token layerContents On Line 561
            Warning - 1 : Skipping Token layerContents On Line 570
            Warning - 1 : Skipping Token multiLayer On Line 856
            Warning - 1 : Skipping Token layerContents On Line 860
            Warning - 1 : Skipping Token layerContents On Line 875
            Warning - 1 : Skipping Token multiLayer On Line 892
            Warning - 1 : Skipping Token layerContents On Line 897
            Warning - 1 : Skipping Token layerContents On Line 907
            Warning - 1 : Skipping Token multiLayer On Line 935
            Warning - 1 : Skipping Token layerContents On Line 951
            Warning - 1 : Skipping Token layerContents On Line 964
            Warning - 1 : Skipping Token multiLayer On Line 990
            Warning - 1 : Skipping Token layerContents On Line 994
            Warning - 1 : Skipping Token layerContents On Line 1009
            Warning - 1 : Skipping Token multiLayer On Line 1026
            Warning - 1 : Skipping Token layerContents On Line 1044
            Warning - 1 : Skipping Token layerContents On Line 1053
            Warning - 1 : Skipping Token multiLayer On Line 1067
            Warning - 1 : Skipping Token layerContents On Line 1083
            Warning - 1 : Skipping Token layerContents On Line 1096
            Warning - 1 : Skipping Token multiLayer On Line 1122
            Warning - 1 : Skipping Token layerContents On Line 1146
            Warning - 1 : Skipping Token layerContents On Line 1155
            Warning - 1 : Skipping Token multiLayer On Line 1393
            Warning - 1 : Skipping Token layerContents On Line 1415
            Warning - 1 : Skipping Token layerContents On Line 1424
            Warning - 1 : Skipping Token multiLayer On Line 1647
            Warning - 1 : Skipping Token layerContents On Line 1677
            Warning - 1 : Skipping Token layerContents On Line 1681
            Warning - 1 : Skipping Token layerContents On Line 1690
            Warning - 1 : Skipping Token multiLayer On Line 1830
            Warning - 1 : Skipping Token layerContents On Line 1852
            Warning - 1 : Skipping Token layerContents On Line 1861
            Warning - 1 : Skipping Token multiLayer On Line 2147
            Warning - 1 : Skipping Token layerContents On Line 2151
            Warning - 1 : Skipping Token layerContents On Line 2159
            Warning - 1 : Skipping Token multiLayer On Line 2176
            Warning - 1 : Skipping Token layerContents On Line 2190
            Warning - 1 : Skipping Token layerContents On Line 2199
            Warning - 1 : Skipping Token multiLayer On Line 2330
            Warning - 1 : Skipping Token layerContents On Line 2344
            Warning - 1 : Skipping Token layerContents On Line 2353
            Warning - 1 : Skipping Token multiLayer On Line 2367
            Warning - 1 : Skipping Token layerContents On Line 2435
            Warning - 1 : Skipping Token layerContents On Line 2445
            Warning - 1 : Skipping Token multiLayer On Line 27375
            Warning - 1 : Skipping Token layerContents On Line 27379
            Warning - 1 : Skipping Token layerContents On Line 27394
            Warning - 1 : Skipping Token multiLayer On Line 27411
            Warning - 1 : Skipping Token layerContents On Line 27419
            Warning - 1 : Skipping Token layerContents On Line 27429
            Warning - 1 : Skipping Token multiLayer On Line 27480
            Warning - 1 : Skipping Token layerContents On Line 27506
            Warning - 1 : Skipping Token layerContents On Line 27556
            Warning - 1 : Skipping Token layerContents On Line 27606
            Warning - 1 : Skipping Token layerContents On Line 27615
            Warning - 1 : Skipping Token multiLayer On Line 27857
            Warning - 1 : Skipping Token layerContents On Line 27885
            Warning - 1 : Skipping Token layerContents On Line 27894
            Warning - 1 : Skipping Token multiLayer On Line 28056
            Warning - 1 : Skipping Token layerContents On Line 28078
            Warning - 1 : Skipping Token layerContents On Line 28087
            Warning - 1 : Skipping Token multiLayer On Line 28481
            Warning - 1 : Skipping Token layerContents On Line 28506
            Warning - 1 : Skipping Token layerContents On Line 28516
            Warning - 1 : Skipping Token multiLayer On Line 28661
            Warning - 1 : Skipping Token layerContents On Line 28683
            Warning - 1 : Skipping Token layerContents On Line 28697
            Warning - 1 : Skipping Token multiLayer On Line 28717
            Warning - 1 : Skipping Token layerContents On Line 28721
            Warning - 1 : Skipping Token layerContents On Line 28732
            Warning - 1 : Skipping Token multiLayer On Line 28749
            Warning - 1 : Skipping Token layerContents On Line 28753
            Warning - 1 : Skipping Token layerContents On Line 28764
            Warning - 1 : Skipping Token multiLayer On Line 28781
            Warning - 1 : Skipping Token layerContents On Line 28785
            Warning - 1 : Skipping Token layerContents On Line 28798
            Warning - 1 : Skipping Token multiLayer On Line 28818
            Warning - 1 : Skipping Token layerContents On Line 28822
            Warning - 1 : Skipping Token layerContents On Line 28833
            Warning - 1 : Skipping Token multiLayer On Line 28850
            Warning - 1 : Skipping Token layerContents On Line 28855
            Warning - 1 : Skipping Token layerContents On Line 28869
            Warning - 1 : Skipping Token multiLayer On Line 28886
            Warning - 1 : Skipping Token layerContents On Line 28912
            Warning - 1 : Skipping Token layerContents On Line 28921
            Warning - 1 : Skipping Token multiLayer On Line 29062
            Warning - 1 : Skipping Token layerContents On Line 29067
            Warning - 1 : Skipping Token layerContents On Line 29084
            Warning - 1 : Skipping Token multiLayer On Line 29123
            Warning - 1 : Skipping Token layerContents On Line 29127
            Warning - 1 : Skipping Token layerContents On Line 29152
            Warning - 1 : Skipping Token layerContents On Line 29164
            Warning - 1 : Skipping Token layerContents On Line 29181
            Warning - 1 : Skipping Token multiLayer On Line 29220
            Warning - 1 : Skipping Token layerContents On Line 29224
            Warning - 1 : Skipping Token layerContents On Line 29239
            Warning - 1 : Skipping Token multiLayer On Line 29277
            Warning - 1 : Skipping Token layerContents On Line 29281
            Warning - 1 : Skipping Token layerContents On Line 29296
            Warning - 1 : Skipping Token multiLayer On Line 29334
            Warning - 1 : Skipping Token layerContents On Line 29352
            Warning - 1 : Skipping Token layerContents On Line 29361
            Warning - 1 : Skipping Token multiLayer On Line 29375
            Warning - 1 : Skipping Token layerContents On Line 29381
            Warning - 1 : Skipping Token layerContents On Line 29392
            Warning - 1 : Skipping Token multiLayer On Line 29410
            Warning - 1 : Skipping Token layerContents On Line 29419
            Warning - 1 : Skipping Token layerContents On Line 29430
            Warning - 1 : Skipping Token multiLayer On Line 29451
            Warning - 1 : Skipping Token layerContents On Line 29455
            Warning - 1 : Skipping Token layerContents On Line 29464
            Warning - 1 : Skipping Token multiLayer On Line 29490
            Warning - 1 : Skipping Token layerContents On Line 29520
            Warning - 1 : Skipping Token layerContents On Line 29524
            Warning - 1 : Skipping Token layerContents On Line 29533
            Warning - 1 : Skipping Token multiLayer On Line 29673
            Warning - 1 : Skipping Token layerContents On Line 29699
            Warning - 1 : Skipping Token layerContents On Line 29703
            Warning - 1 : Skipping Token layerContents On Line 29718
            Warning - 1 : Skipping Token multiLayer On Line 29968
            Warning - 1 : Skipping Token layerContents On Line 29984
            Warning - 1 : Skipping Token layerContents On Line 29997
            Warning - 1 : Skipping Token multiLayer On Line 30023
            Warning - 1 : Skipping Token layerContents On Line 30039
            Warning - 1 : Skipping Token layerContents On Line 30052
            Warning - 1 : Skipping Token multiLayer On Line 30078
            Warning - 1 : Skipping Token layerContents On Line 30094
            Warning - 1 : Skipping Token layerContents On Line 30100
            Warning - 1 : Skipping Token multiLayer On Line 30128
            Warning - 1 : Skipping Token layerContents On Line 30146
            Warning - 1 : Skipping Token layerContents On Line 30158
            Warning - 1 : Skipping Token defaultPinDes On Line 30567
            Warning - 1 : Skipping Token defaultPinDes On Line 30575
            Warning - 1 : Skipping Token defaultPinDes On Line 30583
            Warning - 1 : Skipping Token defaultPinDes On Line 30591
            Warning - 1 : Skipping Token defaultPinDes On Line 30599
            Warning - 1 : Skipping Token defaultPinDes On Line 30607
            Warning - 1 : Skipping Token defaultPinDes On Line 30615
            Warning - 1 : Skipping Token defaultPinDes On Line 30623
            Warning - 1 : Skipping Token defaultPinDes On Line 30631
            Warning - 1 : Skipping Token defaultPinDes On Line 30639
            Warning - 1 : Skipping Token defaultPinDes On Line 30647
            Warning - 1 : Skipping Token defaultPinDes On Line 30677
            Warning - 1 : Skipping Token defaultPinDes On Line 30685
            Warning - 1 : Skipping Token defaultPinDes On Line 30693
            Warning - 1 : Skipping Token defaultPinDes On Line 30701
            Warning - 1 : Skipping Token defaultPinDes On Line 30709
            Warning - 1 : Skipping Token defaultPinDes On Line 30717
            Warning - 1 : Skipping Token defaultPinDes On Line 30725
            Warning - 1 : Skipping Token defaultPinDes On Line 30733
            Warning - 1 : Skipping Token defaultPinDes On Line 30741
            Warning - 1 : Skipping Token defaultPinDes On Line 30749
            Warning - 1 : Skipping Token defaultPinDes On Line 30757
            Warning - 1 : Skipping Token defaultPinDes On Line 30765
            Warning - 1 : Skipping Token defaultPinDes On Line 30773
            Warning - 1 : Skipping Token defaultPinDes On Line 30781
            Warning - 1 : Skipping Token defaultPinDes On Line 30789
            Warning - 1 : Skipping Token defaultPinDes On Line 30797
            Warning - 1 : Skipping Token defaultPinDes On Line 30805
            Warning - 1 : Skipping Token defaultPinDes On Line 30813
            Warning - 1 : Skipping Token defaultPinDes On Line 30821
            Warning - 1 : Skipping Token defaultPinDes On Line 30829
            Warning - 1 : Skipping Token defaultPinDes On Line 30870
            Warning - 1 : Skipping Token defaultPinDes On Line 30878
            Warning - 1 : Skipping Token defaultPinDes On Line 30886
            Warning - 1 : Skipping Token defaultPinDes On Line 30894
            Warning - 1 : Skipping Token defaultPinDes On Line 30902
            Warning - 1 : Skipping Token defaultPinDes On Line 30910
            Warning - 1 : Skipping Token defaultPinDes On Line 30918
            Warning - 1 : Skipping Token defaultPinDes On Line 30926
            Warning - 1 : Skipping Token defaultPinDes On Line 30934
            Warning - 1 : Skipping Token defaultPinDes On Line 30942
            Warning - 1 : Skipping Token defaultPinDes On Line 30950
            Warning - 1 : Skipping Token defaultPinDes On Line 30958
            Warning - 1 : Skipping Token defaultPinDes On Line 30966
            Warning - 1 : Skipping Token defaultPinDes On Line 30974
            Warning - 1 : Skipping Token defaultPinDes On Line 30982
            Warning - 1 : Skipping Token defaultPinDes On Line 30990
            Warning - 1 : Skipping Token defaultPinDes On Line 31027
            Warning - 1 : Skipping Token defaultPinDes On Line 31035
            Warning - 1 : Skipping Token defaultPinDes On Line 31043
            Warning - 1 : Skipping Token defaultPinDes On Line 31051
            Warning - 1 : Skipping Token defaultPinDes On Line 31059
            Warning - 1 : Skipping Token defaultPinDes On Line 31067
            Warning - 1 : Skipping Token defaultPinDes On Line 31075
            Warning - 1 : Skipping Token defaultPinDes On Line 31083
            Warning - 1 : Skipping Token defaultPinDes On Line 31091
            Warning - 1 : Skipping Token defaultPinDes On Line 31099
            Warning - 1 : Skipping Token defaultPinDes On Line 31107
            Warning - 1 : Skipping Token defaultPinDes On Line 31115
            Warning - 1 : Skipping Token defaultPinDes On Line 31123
            Warning - 1 : Skipping Token defaultPinDes On Line 31131
            Warning - 1 : Skipping Token defaultPinDes On Line 31139
            Warning - 1 : Skipping Token defaultPinDes On Line 31147
            Warning - 1 : Skipping Token defaultPinDes On Line 31184
            Warning - 1 : Skipping Token defaultPinDes On Line 31192
            Warning - 1 : Skipping Token defaultPinDes On Line 31200
            Warning - 1 : Skipping Token defaultPinDes On Line 31208
            Warning - 1 : Skipping Token defaultPinDes On Line 31216
            Warning - 1 : Skipping Token defaultPinDes On Line 31224
            Warning - 1 : Skipping Token defaultPinDes On Line 31232
            Warning - 1 : Skipping Token defaultPinDes On Line 31240
            Warning - 1 : Skipping Token defaultPinDes On Line 31248
            Warning - 1 : Skipping Token defaultPinDes On Line 31256
            Warning - 1 : Skipping Token defaultPinDes On Line 31264
            Warning - 1 : Skipping Token defaultPinDes On Line 31272
            Warning - 1 : Skipping Token defaultPinDes On Line 31280
            Warning - 1 : Skipping Token defaultPinDes On Line 31288
            Warning - 1 : Skipping Token defaultPinDes On Line 31296
            Warning - 1 : Skipping Token defaultPinDes On Line 31304
            Warning - 1 : Skipping Token defaultPinDes On Line 31312
            Warning - 1 : Skipping Token defaultPinDes On Line 31320
            Warning - 1 : Skipping Token defaultPinDes On Line 31328
            Warning - 1 : Skipping Token defaultPinDes On Line 31336
            Warning - 1 : Skipping Token defaultPinDes On Line 31380
            Warning - 1 : Skipping Token defaultPinDes On Line 31388
            Warning - 1 : Skipping Token defaultPinDes On Line 31424
            Warning - 1 : Skipping Token defaultPinDes On Line 31432
            Warning - 1 : Skipping Token defaultPinDes On Line 31453
            Warning - 1 : Skipping Token defaultPinDes On Line 31461
            Warning - 1 : Skipping Token defaultPinDes On Line 31469
            Warning - 1 : Skipping Token defaultPinDes On Line 31477
            Warning - 1 : Skipping Token defaultPinDes On Line 31485
            Warning - 1 : Skipping Token defaultPinDes On Line 31493
            Warning - 1 : Skipping Token defaultPinDes On Line 31501
            Warning - 1 : Skipping Token defaultPinDes On Line 31509
            Warning - 1 : Skipping Token defaultPinDes On Line 31517
            Warning - 1 : Skipping Token defaultPinDes On Line 31525
            Warning - 1 : Skipping Token defaultPinDes On Line 31533
            Warning - 1 : Skipping Token defaultPinDes On Line 31587
            Warning - 1 : Skipping Token defaultPinDes On Line 31595
            Warning - 1 : Skipping Token defaultPinDes On Line 31603
            Warning - 1 : Skipping Token defaultPinDes On Line 31611
            Warning - 1 : Skipping Token defaultPinDes On Line 31619
            Warning - 1 : Skipping Token defaultPinDes On Line 31627
            Warning - 1 : Skipping Token defaultPinDes On Line 31635
            Warning - 1 : Skipping Token defaultPinDes On Line 31643
            Warning - 1 : Skipping Token defaultPinDes On Line 31651
            Warning - 1 : Skipping Token defaultPinDes On Line 31659
            Warning - 1 : Skipping Token defaultPinDes On Line 31667
            Warning - 1 : Skipping Token defaultPinDes On Line 31675
            Warning - 1 : Skipping Token defaultPinDes On Line 31683
            Warning - 1 : Skipping Token defaultPinDes On Line 31691
            Warning - 1 : Skipping Token defaultPinDes On Line 31699
            Warning - 1 : Skipping Token defaultPinDes On Line 31707
            Warning - 1 : Skipping Token defaultPinDes On Line 31715
            Warning - 1 : Skipping Token defaultPinDes On Line 31723
            Warning - 1 : Skipping Token defaultPinDes On Line 31731
            Warning - 1 : Skipping Token defaultPinDes On Line 31739
            Warning - 1 : Skipping Token defaultPinDes On Line 31747
            Warning - 1 : Skipping Token defaultPinDes On Line 31755
            Warning - 1 : Skipping Token defaultPinDes On Line 31763
            Warning - 1 : Skipping Token defaultPinDes On Line 31771
            Warning - 1 : Skipping Token defaultPinDes On Line 31779
            Warning - 1 : Skipping Token defaultPinDes On Line 31787
            Warning - 1 : Skipping Token defaultPinDes On Line 31795
            Warning - 1 : Skipping Token defaultPinDes On Line 31803
            Warning - 1 : Skipping Token defaultPinDes On Line 31811
            Warning - 1 : Skipping Token defaultPinDes On Line 31819
            Warning - 1 : Skipping Token defaultPinDes On Line 31827
            Warning - 1 : Skipping Token defaultPinDes On Line 31835
            Warning - 1 : Skipping Token defaultPinDes On Line 31843
            Warning - 1 : Skipping Token defaultPinDes On Line 31851
            Warning - 1 : Skipping Token defaultPinDes On Line 31859
            Warning - 1 : Skipping Token defaultPinDes On Line 31867
            Warning - 1 : Skipping Token defaultPinDes On Line 31875
            Warning - 1 : Skipping Token defaultPinDes On Line 31883
            Warning - 1 : Skipping Token defaultPinDes On Line 31891
            Warning - 1 : Skipping Token defaultPinDes On Line 31899
            Warning - 1 : Skipping Token defaultPinDes On Line 31907
            Warning - 1 : Skipping Token defaultPinDes On Line 31915
            Warning - 1 : Skipping Token defaultPinDes On Line 31923
            Warning - 1 : Skipping Token defaultPinDes On Line 31931
            Warning - 1 : Skipping Token defaultPinDes On Line 31939
            Warning - 1 : Skipping Token defaultPinDes On Line 31947
            Warning - 1 : Skipping Token defaultPinDes On Line 31955
            Warning - 1 : Skipping Token defaultPinDes On Line 31963
            Warning - 1 : Skipping Token defaultPinDes On Line 31971
            Warning - 1 : Skipping Token defaultPinDes On Line 31979
            Warning - 1 : Skipping Token defaultPinDes On Line 31987
            Warning - 1 : Skipping Token defaultPinDes On Line 31995
            Warning - 1 : Skipping Token defaultPinDes On Line 32003
            Warning - 1 : Skipping Token defaultPinDes On Line 32011
            Warning - 1 : Skipping Token defaultPinDes On Line 32019
            Warning - 1 : Skipping Token defaultPinDes On Line 32027
            Warning - 1 : Skipping Token defaultPinDes On Line 32035
            Warning - 1 : Skipping Token defaultPinDes On Line 32043
            Warning - 1 : Skipping Token defaultPinDes On Line 32051
            Warning - 1 : Skipping Token defaultPinDes On Line 32059
            Warning - 1 : Skipping Token defaultPinDes On Line 32067
            Warning - 1 : Skipping Token defaultPinDes On Line 32075
            Warning - 1 : Skipping Token defaultPinDes On Line 32159
            Warning - 1 : Skipping Token defaultPinDes On Line 32167
            Warning - 1 : Skipping Token defaultPinDes On Line 32175
            Warning - 1 : Skipping Token defaultPinDes On Line 32183
            Warning - 1 : Skipping Token defaultPinDes On Line 32191
            Warning - 1 : Skipping Token defaultPinDes On Line 32199
            Warning - 1 : Skipping Token defaultPinDes On Line 32207
            Warning - 1 : Skipping Token defaultPinDes On Line 32215
            Warning - 1 : Skipping Token defaultPinDes On Line 32223
            Warning - 1 : Skipping Token defaultPinDes On Line 32231
            Warning - 1 : Skipping Token defaultPinDes On Line 32239
            Warning - 1 : Skipping Token defaultPinDes On Line 32247
            Warning - 1 : Skipping Token defaultPinDes On Line 32255
            Warning - 1 : Skipping Token defaultPinDes On Line 32263
            Warning - 1 : Skipping Token defaultPinDes On Line 32271
            Warning - 1 : Skipping Token defaultPinDes On Line 32279
            Warning - 1 : Skipping Token defaultPinDes On Line 32287
            Warning - 1 : Skipping Token defaultPinDes On Line 32295
            Warning - 1 : Skipping Token defaultPinDes On Line 32335
            Warning - 1 : Skipping Token defaultPinDes On Line 32343
            Warning - 1 : Skipping Token defaultPinDes On Line 32351
            Warning - 1 : Skipping Token defaultPinDes On Line 32359
            Warning - 1 : Skipping Token defaultPinDes On Line 32367
            Warning - 1 : Skipping Token defaultPinDes On Line 32375
            Warning - 1 : Skipping Token defaultPinDes On Line 32383
            Warning - 1 : Skipping Token defaultPinDes On Line 32391
            Warning - 1 : Skipping Token defaultPinDes On Line 32399
            Warning - 1 : Skipping Token defaultPinDes On Line 32407
            Warning - 1 : Skipping Token defaultPinDes On Line 32415
            Warning - 1 : Skipping Token defaultPinDes On Line 32423
            Warning - 1 : Skipping Token defaultPinDes On Line 32431
            Warning - 1 : Skipping Token defaultPinDes On Line 32439
            Warning - 1 : Skipping Token defaultPinDes On Line 32447
            Warning - 1 : Skipping Token defaultPinDes On Line 32455
            Warning - 1 : Skipping Token defaultPinDes On Line 32493
            Warning - 1 : Skipping Token defaultPinDes On Line 32501
            Warning - 1 : Skipping Token defaultPinDes On Line 32509
            Warning - 1 : Skipping Token defaultPinDes On Line 32517
            Warning - 1 : Skipping Token defaultPinDes On Line 32525
            Warning - 1 : Skipping Token defaultPinDes On Line 32533
            Warning - 1 : Skipping Token defaultPinDes On Line 32541
            Warning - 1 : Skipping Token defaultPinDes On Line 32549
            Warning - 1 : Skipping Token defaultPinDes On Line 32557
            Warning - 1 : Skipping Token defaultPinDes On Line 32565
            Warning - 1 : Skipping Token defaultPinDes On Line 32573
            Warning - 1 : Skipping Token defaultPinDes On Line 32581
            Warning - 1 : Skipping Token defaultPinDes On Line 32589
            Warning - 1 : Skipping Token defaultPinDes On Line 32597
            Warning - 1 : Skipping Token defaultPinDes On Line 32605
            Warning - 1 : Skipping Token defaultPinDes On Line 32613
            Warning - 1 : Skipping Token defaultPinDes On Line 32621
            Warning - 1 : Skipping Token defaultPinDes On Line 32629
            Warning - 1 : Skipping Token defaultPinDes On Line 32637
            Warning - 1 : Skipping Token defaultPinDes On Line 32645
            Warning - 1 : Skipping Token defaultPinDes On Line 32653
            Warning - 1 : Skipping Token defaultPinDes On Line 32661
            Warning - 1 : Skipping Token defaultPinDes On Line 32707
            Warning - 1 : Skipping Token defaultPinDes On Line 32715
            Warning - 1 : Skipping Token defaultPinDes On Line 32723
            Warning - 1 : Skipping Token defaultPinDes On Line 32731
            Warning - 1 : Skipping Token defaultPinDes On Line 32739
            Warning - 1 : Skipping Token defaultPinDes On Line 32747
            Warning - 1 : Skipping Token defaultPinDes On Line 32755
            Warning - 1 : Skipping Token defaultPinDes On Line 32763
            Warning - 1 : Skipping Token defaultPinDes On Line 32771
            Warning - 1 : Skipping Token defaultPinDes On Line 32779
            Warning - 1 : Skipping Token defaultPinDes On Line 32787
            Warning - 1 : Skipping Token defaultPinDes On Line 32795
            Warning - 1 : Skipping Token defaultPinDes On Line 32803
            Warning - 1 : Skipping Token defaultPinDes On Line 32811
            Warning - 1 : Skipping Token defaultPinDes On Line 32819
            Warning - 1 : Skipping Token defaultPinDes On Line 32827
            Warning - 1 : Skipping Token defaultPinDes On Line 32867
            Warning - 1 : Skipping Token defaultPinDes On Line 32875
            Warning - 1 : Skipping Token defaultPinDes On Line 32883
            Warning - 1 : Skipping Token defaultPinDes On Line 32891
            Warning - 1 : Skipping Token defaultPinDes On Line 32899
            Warning - 1 : Skipping Token defaultPinDes On Line 32907
            Warning - 1 : Skipping Token defaultPinDes On Line 32915
            Warning - 1 : Skipping Token defaultPinDes On Line 32923
            Warning - 1 : Skipping Token defaultPinDes On Line 32931
            Warning - 1 : Skipping Token defaultPinDes On Line 32939
            Warning - 1 : Skipping Token defaultPinDes On Line 32947
            Warning - 1 : Skipping Token defaultPinDes On Line 32955
            Warning - 1 : Skipping Token defaultPinDes On Line 32963
            Warning - 1 : Skipping Token defaultPinDes On Line 32971
            Warning - 1 : Skipping Token defaultPinDes On Line 32979
            Warning - 1 : Skipping Token defaultPinDes On Line 32987
            Warning - 1 : Skipping Token defaultPinDes On Line 32995
            Warning - 1 : Skipping Token defaultPinDes On Line 33003
            Warning - 1 : Skipping Token defaultPinDes On Line 33011
            Warning - 1 : Skipping Token defaultPinDes On Line 33019
            Warning - 1 : Skipping Token defaultPinDes On Line 33027
            Warning - 1 : Skipping Token defaultPinDes On Line 33035
            Warning - 1 : Skipping Token defaultPinDes On Line 33081
            Warning - 1 : Skipping Token defaultPinDes On Line 33089
            Warning - 1 : Skipping Token defaultPinDes On Line 33097
            Warning - 1 : Skipping Token defaultPinDes On Line 33105
            Warning - 1 : Skipping Token defaultPinDes On Line 33113
            Warning - 1 : Skipping Token defaultPinDes On Line 33121
            Warning - 1 : Skipping Token defaultPinDes On Line 33129
            Warning - 1 : Skipping Token defaultPinDes On Line 33137
            Warning - 1 : Skipping Token defaultPinDes On Line 33145
            Warning - 1 : Skipping Token defaultPinDes On Line 33153
            Warning - 1 : Skipping Token defaultPinDes On Line 33161
            Warning - 1 : Skipping Token defaultPinDes On Line 33169
            Warning - 1 : Skipping Token defaultPinDes On Line 33177
            Warning - 1 : Skipping Token defaultPinDes On Line 33185
            Warning - 1 : Skipping Token defaultPinDes On Line 33193
            Warning - 1 : Skipping Token defaultPinDes On Line 33201
            Warning - 1 : Skipping Token defaultPinDes On Line 33239
            Warning - 1 : Skipping Token defaultPinDes On Line 33247
            Warning - 1 : Skipping Token defaultPinDes On Line 33255
            Warning - 1 : Skipping Token defaultPinDes On Line 33263
            Warning - 1 : Skipping Token defaultPinDes On Line 33271
            Warning - 1 : Skipping Token defaultPinDes On Line 33279
            Warning - 1 : Skipping Token defaultPinDes On Line 33287
            Warning - 1 : Skipping Token defaultPinDes On Line 33295
            Warning - 1 : Skipping Token defaultPinDes On Line 33303
            Warning - 1 : Skipping Token defaultPinDes On Line 33311
            Warning - 1 : Skipping Token defaultPinDes On Line 33319
            Warning - 1 : Skipping Token defaultPinDes On Line 33327
            Warning - 1 : Skipping Token defaultPinDes On Line 33335
            Warning - 1 : Skipping Token defaultPinDes On Line 33343
            Warning - 1 : Skipping Token defaultPinDes On Line 33351
            Warning - 1 : Skipping Token defaultPinDes On Line 33359
            Warning - 1 : Skipping Token defaultPinDes On Line 33367
            Warning - 1 : Skipping Token defaultPinDes On Line 33375
            Warning - 1 : Skipping Token defaultPinDes On Line 33383
            Warning - 1 : Skipping Token defaultPinDes On Line 33391
            Warning - 1 : Skipping Token defaultPinDes On Line 33435
            Warning - 1 : Skipping Token defaultPinDes On Line 33443
            Warning - 1 : Skipping Token defaultPinDes On Line 33451
            Warning - 1 : Skipping Token defaultPinDes On Line 33459
            Warning - 1 : Skipping Token defaultPinDes On Line 33467
            Warning - 1 : Skipping Token defaultPinDes On Line 33475
            Warning - 1 : Skipping Token defaultPinDes On Line 33483
            Warning - 1 : Skipping Token defaultPinDes On Line 33491
            Warning - 1 : Skipping Token defaultPinDes On Line 33499
            Warning - 1 : Skipping Token defaultPinDes On Line 33507
            Warning - 1 : Skipping Token defaultPinDes On Line 33515
            Warning - 1 : Skipping Token defaultPinDes On Line 33523
            Warning - 1 : Skipping Token defaultPinDes On Line 33531
            Warning - 1 : Skipping Token defaultPinDes On Line 33539
            Warning - 1 : Skipping Token defaultPinDes On Line 33547
            Warning - 1 : Skipping Token defaultPinDes On Line 33555
            Warning - 1 : Skipping Token defaultPinDes On Line 33563
            Warning - 1 : Skipping Token defaultPinDes On Line 33571
            Warning - 1 : Skipping Token defaultPinDes On Line 33579
            Warning - 1 : Skipping Token defaultPinDes On Line 33587
            Warning - 1 : Skipping Token defaultPinDes On Line 33595
            Warning - 1 : Skipping Token defaultPinDes On Line 33603
            Warning - 1 : Skipping Token defaultPinDes On Line 33611
            Warning - 1 : Skipping Token defaultPinDes On Line 33619
            Warning - 1 : Skipping Token defaultPinDes On Line 33669
            Warning - 1 : Skipping Token defaultPinDes On Line 33677
            Warning - 1 : Skipping Token defaultPinDes On Line 33713
            Warning - 1 : Skipping Token defaultPinDes On Line 33721
            Warning - 1 : Skipping Token defaultPinDes On Line 33729
            Warning - 1 : Skipping Token defaultPinDes On Line 33790
            Warning - 1 : Skipping Token defaultPinDes On Line 33798
            Warning - 1 : Skipping Token defaultPinDes On Line 33806
            Warning - 1 : Skipping Token defaultPinDes On Line 33814
            Warning - 1 : Skipping Token defaultPinDes On Line 33822
            Warning - 1 : Skipping Token defaultPinDes On Line 33830
            Warning - 1 : Skipping Token defaultPinDes On Line 33838
            Warning - 1 : Skipping Token defaultPinDes On Line 33846
            Warning - 1 : Skipping Token defaultPinDes On Line 33854
            Warning - 1 : Skipping Token defaultPinDes On Line 33862
            Warning - 1 : Skipping Token defaultPinDes On Line 33870
            Warning - 1 : Skipping Token defaultPinDes On Line 33878
            Warning - 1 : Skipping Token defaultPinDes On Line 33886
            Warning - 1 : Skipping Token defaultPinDes On Line 33894
            Warning - 1 : Skipping Token defaultPinDes On Line 33902
            Warning - 1 : Skipping Token defaultPinDes On Line 33910
            Warning - 1 : Skipping Token defaultPinDes On Line 33918
            Warning - 1 : Skipping Token defaultPinDes On Line 33926
            Warning - 1 : Skipping Token defaultPinDes On Line 33966
            Warning - 1 : Skipping Token defaultPinDes On Line 33974
            Warning - 1 : Skipping Token defaultPinDes On Line 33982
            Warning - 1 : Skipping Token defaultPinDes On Line 33990
            Warning - 1 : Skipping Token defaultPinDes On Line 34079
            Warning - 1 : Skipping Token defaultPinDes On Line 34087
            Warning - 1 : Skipping Token defaultPinDes On Line 34095
            Warning - 1 : Skipping Token defaultPinDes On Line 34103
            Warning - 1 : Skipping Token defaultPinDes On Line 34111
            Warning - 1 : Skipping Token defaultPinDes On Line 34118
            Warning - 1 : Skipping Token defaultPinDes On Line 34126
            Warning - 1 : Skipping Token defaultPinDes On Line 34134
            Warning - 1 : Skipping Token defaultPinDes On Line 34142
            Warning - 1 : Skipping Token defaultPinDes On Line 34149
            Warning - 1 : Skipping Token defaultPinDes On Line 34185
            Warning - 1 : Skipping Token defaultPinDes On Line 34192
            Warning - 1 : Skipping Token defaultPinDes On Line 34200
            Warning - 1 : Skipping Token defaultPinDes On Line 34208
            Warning - 1 : Skipping Token defaultPinDes On Line 34216
            Warning - 1 : Skipping Token defaultPinDes On Line 34223
            Warning - 1 : Skipping Token defaultPinDes On Line 34231
            Warning - 1 : Skipping Token defaultPinDes On Line 34238
            Warning - 1 : Skipping Token defaultPinDes On Line 34246
            Warning - 1 : Skipping Token defaultPinDes On Line 34254
            Warning - 1 : Skipping Token defaultPinDes On Line 34262
            Warning - 1 : Skipping Token defaultPinDes On Line 34309
            Warning - 1 : Skipping Token defaultPinDes On Line 34317
            Warning - 1 : Skipping Token defaultPinDes On Line 34325
            Warning - 1 : Skipping Token defaultPinDes On Line 34333
            Warning - 1 : Skipping Token defaultPinDes On Line 34341
            Warning - 1 : Skipping Token defaultPinDes On Line 34349
            Warning - 1 : Skipping Token defaultPinDes On Line 34357
            Warning - 1 : Skipping Token defaultPinDes On Line 34365
            Warning - 1 : Skipping Token defaultPinDes On Line 34373
            Warning - 1 : Skipping Token defaultPinDes On Line 34381
            Warning - 1 : Skipping Token defaultPinDes On Line 34389
            Warning - 1 : Skipping Token defaultPinDes On Line 34397
            Warning - 1 : Skipping Token defaultPinDes On Line 34405
            Warning - 1 : Skipping Token defaultPinDes On Line 34413
            Warning - 1 : Skipping Token defaultPinDes On Line 34421
            Warning - 1 : Skipping Token defaultPinDes On Line 34429
        EndSection

        Section : Generating SCH Library - Indicator.SchLib
            Warning - 0 : PCAD Pattern Graphics [3528][Primary] associated with PCAD Component [2835] has been renamed to PCB FootPrint [3528_2835(Primary)].
            Warning - 0 : PCAD Pattern Graphics [3528][Primary] associated with PCAD Component [3528] has been renamed to PCB FootPrint [3528_3528(Primary)].
            Warning - 0 : PCAD Pattern Graphics [5730-1][Primary] associated with PCAD Component [5730-1] has been renamed to PCB FootPrint [5730-1_5730-1(Primary)].
            Warning - 0 : PCAD Pattern Graphics [BL-HB536A-TRB][Primary] associated with PCAD Component [BL-HB536A-TRB] has been renamed to PCB FootPrint [BL-HB536A-TRB_BL-HB536A-TRB(Primary)].
            Warning - 0 : PCAD Pattern Graphics [NSSU123-E][Primary] associated with PCAD Component [BL-LS3014A0S1] has been renamed to PCB FootPrint [NSSU123-E_BL-LS3014A0S1(Primary)].
            Warning - 0 : PCAD Pattern Graphics [BL-M12X881][Primary] associated with PCAD Component [BL-M12X881] has been renamed to PCB FootPrint [BL-M12X881_BL-M12X881(Primary)].
            Warning - 0 : PCAD Pattern Graphics [3528][Primary] associated with PCAD Component [DL50344SR-DB-M] has been renamed to PCB FootPrint [3528_DL50344SR-DB-M(Primary)].
            Warning - 0 : PCAD Pattern Graphics [BL-HB536A-TRB][Primary] associated with PCAD Component [LED-0603-BLUE] has been renamed to PCB FootPrint [BL-HB536A-TRB_LED-0603-BLUE(Primary)].
            Warning - 0 : PCAD Pattern Graphics [BL-HB536A-TRB][Primary] associated with PCAD Component [LED-0603-GREEN] has been renamed to PCB FootPrint [BL-HB536A-TRB_LED-0603-GREEN(Primary)].
            Warning - 0 : PCAD Pattern Graphics [BL-HB536A-TRB][Primary] associated with PCAD Component [LED-0603-RED] has been renamed to PCB FootPrint [BL-HB536A-TRB_LED-0603-RED(Primary)].
            Warning - 0 : PCAD Pattern Graphics [BL-HB536A-TRB][Primary] associated with PCAD Component [LED-0603-YELLOW] has been renamed to PCB FootPrint [BL-HB536A-TRB_LED-0603-YELLOW(Primary)].
            Warning - 0 : PCAD Pattern Graphics [LCD-16X2(MT-16S2D)][Primary] associated with PCAD Component [MT-16S2D] has been renamed to PCB FootPrint [LCD-16X2(MT-16S2D)_MT-16S2D(Primary)].
            Warning - 0 : PCAD Pattern Graphics [U365][Primary] associated with PCAD Component [NCSU275T] has been renamed to PCB FootPrint [U365_NCSU275T(Primary)].
            Warning - 0 : PCAD Pattern Graphics [U365][Primary] associated with PCAD Component [NCSU276A] has been renamed to PCB FootPrint [U365_NCSU276A(Primary)].
            Warning - 0 : PCAD Pattern Graphics [NSSU123-E][Primary] associated with PCAD Component [NSSU123-E] has been renamed to PCB FootPrint [NSSU123-E_NSSU123-E(Primary)].
            Warning - 0 : PCAD Pattern Graphics [NSSU123-E-RECOMMEND][Primary] associated with PCAD Component [NSSU123-E-RECOMMEND] has been renamed to PCB FootPrint [NSSU123-E-RECOMMEND_NSSU123-E-RECOMMEND(Primary)].
            Warning - 0 : PCAD Pattern Graphics [LCD-16X2][Primary] associated with PCAD Component [WH1602] has been renamed to PCB FootPrint [LCD-16X2_WH1602(Primary)].
        EndSection
    EndSection
EndSection
